2024-05-14T15:13:52,195 [main] INFO  (Main.java:40) - -------------Test Execution started--------------
2024-05-14T15:13:54,266 [main] ERROR (Request.java:77) - Status code is other than 200
2024-05-14T15:13:55,064 [main] INFO  (Main.java:132) - 
 Request : 
<?xml version="1.0" encoding="UTF-8" standalone="no"?><soapenv:Envelope xmlns:soapenv="http://schemas.xmlsoap.org/soap/envelope/" xmlns:web="http://www.Insurer.com/webservices/">  
    <soapenv:Header> 
        <web:Authenticate_Info> 
            <!--Optional:-->  
            <web:UserName>IRDAUSER</web:UserName>  
            <!--Optional:-->  
            <web:Password>IRDAUSER</web:Password>  
            <web:EntityId>31</web:EntityId> 
        </web:Authenticate_Info> 
    </soapenv:Header>  
    <soapenv:Body> 
        <web:UpdateComplaint> 
            <!--Optional:-->  
            <web:InputElement> 
                <Complaints> 
                    <Complaint> 
                        <IRDA_Token_Number>05-24-001766</IRDA_Token_Number>  
                        <Status_Change_Date>14-05-2024</Status_Change_Date>  
                        <Complaint_Status_Id>2</Complaint_Status_Id>  
                        <Trans_Login_Id>SILICADMIN</Trans_Login_Id>  
                        <Option>1</Option>  
                        <Mode>2</Mode>  
                        
                    </Complaint> 
                </Complaints> 
            </web:InputElement> 
        </web:UpdateComplaint> 
    </soapenv:Body> 
</soapenv:Envelope>
