2024-07-08T12:45:25,331 [main] INFO  (Main.java:40) - -------------Test Execution started--------------
2024-07-08T12:45:29,974 [main] INFO  (Test_15_UpdateComplaint_Positive.java:195) - Pending to Attended to status change done successfully
2024-07-08T12:45:29,985 [main] INFO  (Main.java:132) - 
 Request : 
<?xml version="1.0" encoding="UTF-8" standalone="no"?><soapenv:Envelope xmlns:soapenv="http://schemas.xmlsoap.org/soap/envelope/" xmlns:web="http://www.Insurer.com/webservices/">  
    <soapenv:Header> 
        <web:Authenticate_Info> 
            <!--Optional:-->  
            <web:UserName>IRDAUSER</web:UserName>  
            <!--Optional:-->  
            <web:Password>IRDAUSER</web:Password>  
            <web:EntityId>31</web:EntityId> 
        </web:Authenticate_Info> 
    </soapenv:Header>  
    <soapenv:Body> 
        <web:UpdateComplaint> 
            <!--Optional:-->  
            <web:InputElement> 
                <Complaints> 
                    <Complaint> 
                        <IRDA_Token_Number>07-24-000355</IRDA_Token_Number>  
                        <Status_Change_Date>08-07-2024</Status_Change_Date>  
                        <Complaint_Status_Id>4</Complaint_Status_Id>  
                        <Trans_Login_Id>SILICADMIN</Trans_Login_Id>  
                        <Option>1</Option>  
                        <Mode>2</Mode>  
                        <Entity_Complaint_Ref_Number>TEST253959</Entity_Complaint_Ref_Number>
                    <Type_of_disposal>1</Type_of_disposal><Remarks>test me</Remarks></Complaint> 
                </Complaints> 
            </web:InputElement> 
        </web:UpdateComplaint> 
    </soapenv:Body> 
</soapenv:Envelope>
2024-07-08T12:45:30,043 [main] INFO  (Main.java:133) - 
 Response : 
<soap:Envelope xmlns:soap="http://schemas.xmlsoap.org/soap/envelope/" xmlns:xsi="http://www.w3.org/2001/XMLSchema-instance" xmlns:xsd="http://www.w3.org/2001/XMLSchema">
  <soap:Body>
    <UpdateComplaintResponse xmlns="http://www.Insurer.com/webservices/">
      <UpdateComplaintResult>
        <RESULT xmlns="">
          <COMPLAINTDETAILS>
            <IRDA_TOKEN_NUMBER>07-24-000355</IRDA_TOKEN_NUMBER>
            <ENTITY_COMPLAINT_REF_NUMBER>TEST253959</ENTITY_COMPLAINT_REF_NUMBER>
            <ERROR_CODES/>
          </COMPLAINTDETAILS>
        </RESULT>
      </UpdateComplaintResult>
    </UpdateComplaintResponse>
  </soap:Body>
</soap:Envelope>
2024-07-08T12:45:30,052 [main] INFO  (Main.java:134) - -------------Test Execution ended---------------


