2024-05-14T14:58:22,315 [main] INFO  (Main.java:40) - -------------Test Execution started--------------
2024-05-14T14:58:24,127 [main] ERROR (Main.java:128) - java.lang.RuntimeException: org.xml.sax.SAXParseException; systemId: file:///C:/Users/abhishekg/IntelliJ%20Workspace/Bimabharosa_API_Automation/src/main/resources/XML/Update/update.xml; lineNumber: 1; columnNumber: 1; Premature end of file.
	at Operations.Update.<init>(Update.java:30)
	at Update.Test_5_Ack_Pen_MandateField_Validation.Update_Status_With_Removed_Entity_ref_Id_field_negative_TC(Test_5_Ack_Pen_MandateField_Validation.java:259)
	at java.base/jdk.internal.reflect.DirectMethodHandleAccessor.invoke(DirectMethodHandleAccessor.java:103)
	at java.base/java.lang.reflect.Method.invoke(Method.java:580)
	at org.testng.internal.invokers.MethodInvocationHelper.invokeMethod(MethodInvocationHelper.java:139)
	at org.testng.internal.invokers.TestInvoker.invokeMethod(TestInvoker.java:664)
	at org.testng.internal.invokers.TestInvoker.invokeTestMethod(TestInvoker.java:227)
	at org.testng.internal.invokers.MethodRunner.runInSequence(MethodRunner.java:50)
	at org.testng.internal.invokers.TestInvoker$MethodInvocationAgent.invoke(TestInvoker.java:957)
	at org.testng.internal.invokers.TestInvoker.invokeTestMethods(TestInvoker.java:200)
	at org.testng.internal.invokers.TestMethodWorker.invokeTestMethods(TestMethodWorker.java:148)
	at org.testng.internal.invokers.TestMethodWorker.run(TestMethodWorker.java:128)
	at java.base/java.util.ArrayList.forEach(ArrayList.java:1596)
	at org.testng.TestRunner.privateRun(TestRunner.java:848)
	at org.testng.TestRunner.run(TestRunner.java:621)
	at org.testng.SuiteRunner.runTest(SuiteRunner.java:443)
	at org.testng.SuiteRunner.runSequentially(SuiteRunner.java:437)
	at org.testng.SuiteRunner.privateRun(SuiteRunner.java:397)
	at org.testng.SuiteRunner.run(SuiteRunner.java:336)
	at org.testng.SuiteRunnerWorker.runSuite(SuiteRunnerWorker.java:52)
	at org.testng.SuiteRunnerWorker.run(SuiteRunnerWorker.java:95)
	at org.testng.TestNG.runSuitesSequentially(TestNG.java:1280)
	at org.testng.TestNG.runSuitesLocally(TestNG.java:1200)
	at org.testng.TestNG.runSuites(TestNG.java:1114)
	at org.testng.TestNG.run(TestNG.java:1082)
	at com.intellij.rt.testng.IDEARemoteTestNG.run(IDEARemoteTestNG.java:65)
	at com.intellij.rt.testng.RemoteTestNGStarter.main(RemoteTestNGStarter.java:105)
Caused by: org.xml.sax.SAXParseException; systemId: file:///C:/Users/abhishekg/IntelliJ%20Workspace/Bimabharosa_API_Automation/src/main/resources/XML/Update/update.xml; lineNumber: 1; columnNumber: 1; Premature end of file.
	at java.xml/com.sun.org.apache.xerces.internal.parsers.DOMParser.parse(DOMParser.java:262)
	at java.xml/com.sun.org.apache.xerces.internal.jaxp.DocumentBuilderImpl.parse(DocumentBuilderImpl.java:342)
	at java.xml/javax.xml.parsers.DocumentBuilder.parse(DocumentBuilder.java:178)
	at Operations.Update.<init>(Update.java:28)
	... 26 more

2024-05-14T14:58:24,129 [main] INFO  (Main.java:131) - 
 Request : 
<?xml version="1.0" encoding="UTF-8" standalone="no"?><soapenv:Envelope xmlns:soapenv="http://schemas.xmlsoap.org/soap/envelope/" xmlns:web="http://www.Insurer.com/webservices/">  
    <soapenv:Header> 
        <web:Authenticate_Info> 
            <!--Optional:-->  
            <web:UserName>IRDAUSER</web:UserName>  
            <!--Optional:-->  
            <web:Password>IRDAUSER</web:Password>  
            <web:EntityId>31</web:EntityId> 
        </web:Authenticate_Info> 
    </soapenv:Header>  
    <soapenv:Body> 
        <web:RegisterComplaint> 
            <!--Optional:-->  
            <web:InputElement> 
                <Complaints> 
                    <Complaint> 
                        <First_Name>Anand Gupta</First_Name>  
                        <Mobile_Number>8691959368</Mobile_Number>  
                        <User_Type>I</User_Type>  
                        <Entity_Complaint_Ref_Number>TEST431208</Entity_Complaint_Ref_Number>  
                        <Complaint_Details>Registration of complaint</Complaint_Details>  
                        <Complaint_Receipt_Date>14-05-2024</Complaint_Receipt_Date>  
                        <Complaint_Date>14-05-2024</Complaint_Date>  
                        <State_Id>21</State_Id>  
                        <District_Id>332</District_Id>  
                        <Complaint_Status_Id>1</Complaint_Status_Id>  
                        <Complaint_Against_Type_Id>1</Complaint_Against_Type_Id>  
                        <Insurance_Type_Id>1</Insurance_Type_Id>  
                        <Policy_Type_Id>1</Policy_Type_Id>  
                        <Complaint_Type_Id>1</Complaint_Type_Id>  
                        <Complaint_Description_Id>1</Complaint_Description_Id>  
                        <Source_Of_Complaint>1</Source_Of_Complaint>  
                        <Policy_Number>123456789</Policy_Number>  
                        <Option>1</Option>  
                        <Addressed_To_Insurer>Y</Addressed_To_Insurer>  
                        <Trans_Login_Id>SILICADMIN</Trans_Login_Id>  
                        <Mode>1</Mode>  
                        <Policy_Proposal_Cert_ClaimNumber>10529899</Policy_Proposal_Cert_ClaimNumber>  
                        <Identifier_Type>1</Identifier_Type> 
                    </Complaint> 
                </Complaints> 
            </web:InputElement> 
        </web:RegisterComplaint> 
    </soapenv:Body> 
</soapenv:Envelope>
2024-05-14T14:58:24,160 [main] INFO  (Main.java:132) - 
 Response : 
<soap:Envelope xmlns:soap="http://schemas.xmlsoap.org/soap/envelope/" xmlns:xsi="http://www.w3.org/2001/XMLSchema-instance" xmlns:xsd="http://www.w3.org/2001/XMLSchema">
  <soap:Body>
    <RegisterComplaintResponse xmlns="http://www.Insurer.com/webservices/">
      <RegisterComplaintResult>
        <RESULT xmlns="">
          <COMPLAINTDETAILS>
            <IRDA_TOKEN_NUMBER>05-24-001758</IRDA_TOKEN_NUMBER>
            <ENTITY_COMPLAINT_REF_NUMBER>TEST431208</ENTITY_COMPLAINT_REF_NUMBER>
            <ERROR_CODES/>
          </COMPLAINTDETAILS>
        </RESULT>
      </RegisterComplaintResult>
    </RegisterComplaintResponse>
  </soap:Body>
</soap:Envelope>
2024-05-14T14:58:24,160 [main] INFO  (Main.java:133) - -------------Test Execution ended---------------


